Building DAG of jobs...
Using shell: /usr/bin/bash
Provided cores: 1 (use --cores to define parallelism)
Rules claiming more threads will be scaled down.
Job stats:
job       count
------  -------
fastqc        1
total         1

Select jobs to execute...
Execute 1 jobs...

[Mon May 27 13:03:52 2024]
localrule fastqc:
    input: 0246_2_TP04_026_FC_MOD_1TR1_SL1_S26_L002_R1_001_50k_fastq.gz
    output: 0246_2_TP04_026_FC_MOD_1TR1_SL1_S26_L002_R1_001_50k_fastq.fastp.gz
    jobid: 0
    reason: Missing output files: 0246_2_TP04_026_FC_MOD_1TR1_SL1_S26_L002_R1_001_50k_fastq.fastp.gz
    resources: tmpdir=/tmp

[Mon May 27 13:03:52 2024]
Finished job 0.
1 of 1 steps (100%) done
Complete log: .snakemake/log/2024-05-27T130352.486036.snakemake.log
