Building DAG of jobs...
Using shell: /usr/bin/bash
Provided cores: 1 (use --cores to define parallelism)
Rules claiming more threads will be scaled down.
Job stats:
job      count
-----  -------
all          1
fastp        7
total        8

Select jobs to execute...
Execute 1 jobs...

[Mon May 27 22:15:24 2024]
localrule fastp:
    input: myData/0246_2_TP04_024_FC_MOD_1TR1_SL1_S24_L002_R1_001_50k_fastq.gz, myData/0246_2_TP04_024_FC_MOD_1TR1_SL1_S24_L002_R2_001_50k_fastq.gz
    output: results/fastp/0246_2_TP04_024_FC_MOD_1TR1_SL1_S24_L002_R1.qc.fq.gz, results/fastp/0246_2_TP04_024_FC_MOD_1TR1_SL1_S24_L002_R2.qc.fq.gz, results/fastp/0246_2_TP04_024_FC_MOD_1TR1_SL1_S24_L002.fastp.html, results/fastp/0246_2_TP04_024_FC_MOD_1TR1_SL1_S24_L002.fastp.json
    log: results/logs/fastp/0246_2_TP04_024_FC_MOD_1TR1_SL1_S24_L002.log
    jobid: 5
    reason: Missing output files: results/fastp/0246_2_TP04_024_FC_MOD_1TR1_SL1_S24_L002_R1.qc.fq.gz, results/fastp/0246_2_TP04_024_FC_MOD_1TR1_SL1_S24_L002_R2.qc.fq.gz, results/fastp/0246_2_TP04_024_FC_MOD_1TR1_SL1_S24_L002.fastp.html, results/fastp/0246_2_TP04_024_FC_MOD_1TR1_SL1_S24_L002.fastp.json
    wildcards: sample=0246_2_TP04_024_FC_MOD_1TR1_SL1_S24_L002
    resources: tmpdir=/tmp

[Mon May 27 22:15:24 2024]
Finished job 5.
1 of 8 steps (12%) done
Select jobs to execute...
Execute 1 jobs...

[Mon May 27 22:15:24 2024]
localrule fastp:
    input: myData/0246_2_TP04_020_FC_NOR_1TR1_SL1_S20_L002_R1_001_50k_fastq.gz, myData/0246_2_TP04_020_FC_NOR_1TR1_SL1_S20_L002_R2_001_50k_fastq.gz
    output: results/fastp/0246_2_TP04_020_FC_NOR_1TR1_SL1_S20_L002_R1.qc.fq.gz, results/fastp/0246_2_TP04_020_FC_NOR_1TR1_SL1_S20_L002_R2.qc.fq.gz, results/fastp/0246_2_TP04_020_FC_NOR_1TR1_SL1_S20_L002.fastp.html, results/fastp/0246_2_TP04_020_FC_NOR_1TR1_SL1_S20_L002.fastp.json
    log: results/logs/fastp/0246_2_TP04_020_FC_NOR_1TR1_SL1_S20_L002.log
    jobid: 1
    reason: Missing output files: results/fastp/0246_2_TP04_020_FC_NOR_1TR1_SL1_S20_L002_R2.qc.fq.gz, results/fastp/0246_2_TP04_020_FC_NOR_1TR1_SL1_S20_L002_R1.qc.fq.gz, results/fastp/0246_2_TP04_020_FC_NOR_1TR1_SL1_S20_L002.fastp.json, results/fastp/0246_2_TP04_020_FC_NOR_1TR1_SL1_S20_L002.fastp.html
    wildcards: sample=0246_2_TP04_020_FC_NOR_1TR1_SL1_S20_L002
    resources: tmpdir=/tmp

[Mon May 27 22:15:25 2024]
Finished job 1.
2 of 8 steps (25%) done
Select jobs to execute...
Execute 1 jobs...

[Mon May 27 22:15:25 2024]
localrule fastp:
    input: myData/0246_2_TP04_021_FC_MOD_1TR1_SL1_S21_L002_R1_001_50k_fastq.gz, myData/0246_2_TP04_021_FC_MOD_1TR1_SL1_S21_L002_R2_001_50k_fastq.gz
    output: results/fastp/0246_2_TP04_021_FC_MOD_1TR1_SL1_S21_L002_R1.qc.fq.gz, results/fastp/0246_2_TP04_021_FC_MOD_1TR1_SL1_S21_L002_R2.qc.fq.gz, results/fastp/0246_2_TP04_021_FC_MOD_1TR1_SL1_S21_L002.fastp.html, results/fastp/0246_2_TP04_021_FC_MOD_1TR1_SL1_S21_L002.fastp.json
    log: results/logs/fastp/0246_2_TP04_021_FC_MOD_1TR1_SL1_S21_L002.log
    jobid: 2
    reason: Missing output files: results/fastp/0246_2_TP04_021_FC_MOD_1TR1_SL1_S21_L002.fastp.html, results/fastp/0246_2_TP04_021_FC_MOD_1TR1_SL1_S21_L002_R1.qc.fq.gz, results/fastp/0246_2_TP04_021_FC_MOD_1TR1_SL1_S21_L002.fastp.json, results/fastp/0246_2_TP04_021_FC_MOD_1TR1_SL1_S21_L002_R2.qc.fq.gz
    wildcards: sample=0246_2_TP04_021_FC_MOD_1TR1_SL1_S21_L002
    resources: tmpdir=/tmp

[Mon May 27 22:15:26 2024]
Finished job 2.
3 of 8 steps (38%) done
Select jobs to execute...
Execute 1 jobs...

[Mon May 27 22:15:26 2024]
localrule fastp:
    input: myData/0246_2_TP04_022_FC_MOD_1TR1_SL1_S22_L002_R1_001_50k_fastq.gz, myData/0246_2_TP04_022_FC_MOD_1TR1_SL1_S22_L002_R2_001_50k_fastq.gz
    output: results/fastp/0246_2_TP04_022_FC_MOD_1TR1_SL1_S22_L002_R1.qc.fq.gz, results/fastp/0246_2_TP04_022_FC_MOD_1TR1_SL1_S22_L002_R2.qc.fq.gz, results/fastp/0246_2_TP04_022_FC_MOD_1TR1_SL1_S22_L002.fastp.html, results/fastp/0246_2_TP04_022_FC_MOD_1TR1_SL1_S22_L002.fastp.json
    log: results/logs/fastp/0246_2_TP04_022_FC_MOD_1TR1_SL1_S22_L002.log
    jobid: 3
    reason: Missing output files: results/fastp/0246_2_TP04_022_FC_MOD_1TR1_SL1_S22_L002_R2.qc.fq.gz, results/fastp/0246_2_TP04_022_FC_MOD_1TR1_SL1_S22_L002_R1.qc.fq.gz, results/fastp/0246_2_TP04_022_FC_MOD_1TR1_SL1_S22_L002.fastp.json, results/fastp/0246_2_TP04_022_FC_MOD_1TR1_SL1_S22_L002.fastp.html
    wildcards: sample=0246_2_TP04_022_FC_MOD_1TR1_SL1_S22_L002
    resources: tmpdir=/tmp

[Mon May 27 22:15:26 2024]
Finished job 3.
4 of 8 steps (50%) done
Select jobs to execute...
Execute 1 jobs...

[Mon May 27 22:15:26 2024]
localrule fastp:
    input: myData/0246_2_TP04_026_FC_MOD_1TR1_SL1_S26_L002_R1_001_50k_fastq.gz, myData/0246_2_TP04_026_FC_MOD_1TR1_SL1_S26_L002_R2_001_50k_fastq.gz
    output: results/fastp/0246_2_TP04_026_FC_MOD_1TR1_SL1_S26_L002_R1.qc.fq.gz, results/fastp/0246_2_TP04_026_FC_MOD_1TR1_SL1_S26_L002_R2.qc.fq.gz, results/fastp/0246_2_TP04_026_FC_MOD_1TR1_SL1_S26_L002.fastp.html, results/fastp/0246_2_TP04_026_FC_MOD_1TR1_SL1_S26_L002.fastp.json
    log: results/logs/fastp/0246_2_TP04_026_FC_MOD_1TR1_SL1_S26_L002.log
    jobid: 7
    reason: Missing output files: results/fastp/0246_2_TP04_026_FC_MOD_1TR1_SL1_S26_L002.fastp.html, results/fastp/0246_2_TP04_026_FC_MOD_1TR1_SL1_S26_L002_R1.qc.fq.gz, results/fastp/0246_2_TP04_026_FC_MOD_1TR1_SL1_S26_L002_R2.qc.fq.gz, results/fastp/0246_2_TP04_026_FC_MOD_1TR1_SL1_S26_L002.fastp.json
    wildcards: sample=0246_2_TP04_026_FC_MOD_1TR1_SL1_S26_L002
    resources: tmpdir=/tmp

[Mon May 27 22:15:27 2024]
Finished job 7.
5 of 8 steps (62%) done
Select jobs to execute...
Execute 1 jobs...

[Mon May 27 22:15:27 2024]
localrule fastp:
    input: myData/0246_2_TP04_025_FC_MOD_1TR1_SL1_S25_L002_R1_001_50k_fastq.gz, myData/0246_2_TP04_025_FC_MOD_1TR1_SL1_S25_L002_R2_001_50k_fastq.gz
    output: results/fastp/0246_2_TP04_025_FC_MOD_1TR1_SL1_S25_L002_R1.qc.fq.gz, results/fastp/0246_2_TP04_025_FC_MOD_1TR1_SL1_S25_L002_R2.qc.fq.gz, results/fastp/0246_2_TP04_025_FC_MOD_1TR1_SL1_S25_L002.fastp.html, results/fastp/0246_2_TP04_025_FC_MOD_1TR1_SL1_S25_L002.fastp.json
    log: results/logs/fastp/0246_2_TP04_025_FC_MOD_1TR1_SL1_S25_L002.log
    jobid: 6
    reason: Missing output files: results/fastp/0246_2_TP04_025_FC_MOD_1TR1_SL1_S25_L002.fastp.html, results/fastp/0246_2_TP04_025_FC_MOD_1TR1_SL1_S25_L002.fastp.json, results/fastp/0246_2_TP04_025_FC_MOD_1TR1_SL1_S25_L002_R2.qc.fq.gz, results/fastp/0246_2_TP04_025_FC_MOD_1TR1_SL1_S25_L002_R1.qc.fq.gz
    wildcards: sample=0246_2_TP04_025_FC_MOD_1TR1_SL1_S25_L002
    resources: tmpdir=/tmp

[Mon May 27 22:15:27 2024]
Finished job 6.
6 of 8 steps (75%) done
Select jobs to execute...
Execute 1 jobs...

[Mon May 27 22:15:27 2024]
localrule fastp:
    input: myData/0246_2_TP04_023_FC_MOD_1TR1_SL1_S23_L002_R1_001_50k_fastq.gz, myData/0246_2_TP04_023_FC_MOD_1TR1_SL1_S23_L002_R2_001_50k_fastq.gz
    output: results/fastp/0246_2_TP04_023_FC_MOD_1TR1_SL1_S23_L002_R1.qc.fq.gz, results/fastp/0246_2_TP04_023_FC_MOD_1TR1_SL1_S23_L002_R2.qc.fq.gz, results/fastp/0246_2_TP04_023_FC_MOD_1TR1_SL1_S23_L002.fastp.html, results/fastp/0246_2_TP04_023_FC_MOD_1TR1_SL1_S23_L002.fastp.json
    log: results/logs/fastp/0246_2_TP04_023_FC_MOD_1TR1_SL1_S23_L002.log
    jobid: 4
    reason: Missing output files: results/fastp/0246_2_TP04_023_FC_MOD_1TR1_SL1_S23_L002_R1.qc.fq.gz, results/fastp/0246_2_TP04_023_FC_MOD_1TR1_SL1_S23_L002.fastp.html, results/fastp/0246_2_TP04_023_FC_MOD_1TR1_SL1_S23_L002_R2.qc.fq.gz, results/fastp/0246_2_TP04_023_FC_MOD_1TR1_SL1_S23_L002.fastp.json
    wildcards: sample=0246_2_TP04_023_FC_MOD_1TR1_SL1_S23_L002
    resources: tmpdir=/tmp

[Mon May 27 22:15:28 2024]
Finished job 4.
7 of 8 steps (88%) done
Select jobs to execute...
Execute 1 jobs...

[Mon May 27 22:15:28 2024]
localrule all:
    input: results/fastp/0246_2_TP04_020_FC_NOR_1TR1_SL1_S20_L002_R1.qc.fq.gz, results/fastp/0246_2_TP04_021_FC_MOD_1TR1_SL1_S21_L002_R1.qc.fq.gz, results/fastp/0246_2_TP04_022_FC_MOD_1TR1_SL1_S22_L002_R1.qc.fq.gz, results/fastp/0246_2_TP04_023_FC_MOD_1TR1_SL1_S23_L002_R1.qc.fq.gz, results/fastp/0246_2_TP04_024_FC_MOD_1TR1_SL1_S24_L002_R1.qc.fq.gz, results/fastp/0246_2_TP04_025_FC_MOD_1TR1_SL1_S25_L002_R1.qc.fq.gz, results/fastp/0246_2_TP04_026_FC_MOD_1TR1_SL1_S26_L002_R1.qc.fq.gz, results/fastp/0246_2_TP04_020_FC_NOR_1TR1_SL1_S20_L002_R2.qc.fq.gz, results/fastp/0246_2_TP04_021_FC_MOD_1TR1_SL1_S21_L002_R2.qc.fq.gz, results/fastp/0246_2_TP04_022_FC_MOD_1TR1_SL1_S22_L002_R2.qc.fq.gz, results/fastp/0246_2_TP04_023_FC_MOD_1TR1_SL1_S23_L002_R2.qc.fq.gz, results/fastp/0246_2_TP04_024_FC_MOD_1TR1_SL1_S24_L002_R2.qc.fq.gz, results/fastp/0246_2_TP04_025_FC_MOD_1TR1_SL1_S25_L002_R2.qc.fq.gz, results/fastp/0246_2_TP04_026_FC_MOD_1TR1_SL1_S26_L002_R2.qc.fq.gz, results/fastp/0246_2_TP04_020_FC_NOR_1TR1_SL1_S20_L002.fastp.html, results/fastp/0246_2_TP04_021_FC_MOD_1TR1_SL1_S21_L002.fastp.html, results/fastp/0246_2_TP04_022_FC_MOD_1TR1_SL1_S22_L002.fastp.html, results/fastp/0246_2_TP04_023_FC_MOD_1TR1_SL1_S23_L002.fastp.html, results/fastp/0246_2_TP04_024_FC_MOD_1TR1_SL1_S24_L002.fastp.html, results/fastp/0246_2_TP04_025_FC_MOD_1TR1_SL1_S25_L002.fastp.html, results/fastp/0246_2_TP04_026_FC_MOD_1TR1_SL1_S26_L002.fastp.html, results/fastp/0246_2_TP04_020_FC_NOR_1TR1_SL1_S20_L002.fastp.json, results/fastp/0246_2_TP04_021_FC_MOD_1TR1_SL1_S21_L002.fastp.json, results/fastp/0246_2_TP04_022_FC_MOD_1TR1_SL1_S22_L002.fastp.json, results/fastp/0246_2_TP04_023_FC_MOD_1TR1_SL1_S23_L002.fastp.json, results/fastp/0246_2_TP04_024_FC_MOD_1TR1_SL1_S24_L002.fastp.json, results/fastp/0246_2_TP04_025_FC_MOD_1TR1_SL1_S25_L002.fastp.json, results/fastp/0246_2_TP04_026_FC_MOD_1TR1_SL1_S26_L002.fastp.json
    jobid: 0
    reason: Input files updated by another job: results/fastp/0246_2_TP04_021_FC_MOD_1TR1_SL1_S21_L002.fastp.html, results/fastp/0246_2_TP04_026_FC_MOD_1TR1_SL1_S26_L002_R2.qc.fq.gz, results/fastp/0246_2_TP04_026_FC_MOD_1TR1_SL1_S26_L002_R1.qc.fq.gz, results/fastp/0246_2_TP04_026_FC_MOD_1TR1_SL1_S26_L002.fastp.json, results/fastp/0246_2_TP04_025_FC_MOD_1TR1_SL1_S25_L002_R2.qc.fq.gz, results/fastp/0246_2_TP04_020_FC_NOR_1TR1_SL1_S20_L002_R1.qc.fq.gz, results/fastp/0246_2_TP04_022_FC_MOD_1TR1_SL1_S22_L002_R1.qc.fq.gz, results/fastp/0246_2_TP04_024_FC_MOD_1TR1_SL1_S24_L002.fastp.json, results/fastp/0246_2_TP04_023_FC_MOD_1TR1_SL1_S23_L002.fastp.json, results/fastp/0246_2_TP04_023_FC_MOD_1TR1_SL1_S23_L002_R1.qc.fq.gz, results/fastp/0246_2_TP04_020_FC_NOR_1TR1_SL1_S20_L002.fastp.json, results/fastp/0246_2_TP04_021_FC_MOD_1TR1_SL1_S21_L002.fastp.json, results/fastp/0246_2_TP04_020_FC_NOR_1TR1_SL1_S20_L002.fastp.html, results/fastp/0246_2_TP04_023_FC_MOD_1TR1_SL1_S23_L002_R2.qc.fq.gz, results/fastp/0246_2_TP04_020_FC_NOR_1TR1_SL1_S20_L002_R2.qc.fq.gz, results/fastp/0246_2_TP04_023_FC_MOD_1TR1_SL1_S23_L002.fastp.html, results/fastp/0246_2_TP04_021_FC_MOD_1TR1_SL1_S21_L002_R2.qc.fq.gz, results/fastp/0246_2_TP04_024_FC_MOD_1TR1_SL1_S24_L002.fastp.html, results/fastp/0246_2_TP04_021_FC_MOD_1TR1_SL1_S21_L002_R1.qc.fq.gz, results/fastp/0246_2_TP04_026_FC_MOD_1TR1_SL1_S26_L002.fastp.html, results/fastp/0246_2_TP04_025_FC_MOD_1TR1_SL1_S25_L002.fastp.json, results/fastp/0246_2_TP04_024_FC_MOD_1TR1_SL1_S24_L002_R2.qc.fq.gz, results/fastp/0246_2_TP04_025_FC_MOD_1TR1_SL1_S25_L002.fastp.html, results/fastp/0246_2_TP04_022_FC_MOD_1TR1_SL1_S22_L002.fastp.json, results/fastp/0246_2_TP04_024_FC_MOD_1TR1_SL1_S24_L002_R1.qc.fq.gz, results/fastp/0246_2_TP04_022_FC_MOD_1TR1_SL1_S22_L002_R2.qc.fq.gz, results/fastp/0246_2_TP04_022_FC_MOD_1TR1_SL1_S22_L002.fastp.html, results/fastp/0246_2_TP04_025_FC_MOD_1TR1_SL1_S25_L002_R1.qc.fq.gz
    resources: tmpdir=/tmp

[Mon May 27 22:15:28 2024]
Finished job 0.
8 of 8 steps (100%) done
Complete log: .snakemake/log/2024-05-27T221524.128126.snakemake.log
