Building DAG of jobs...
Using shell: /usr/bin/bash
Provided cores: 1 (use --cores to define parallelism)
Rules claiming more threads will be scaled down.
Job stats:
job      count
-----  -------
all          1
fastp        7
total        8

Select jobs to execute...
Execute 1 jobs...

[Mon May 27 22:15:08 2024]
localrule fastp:
    input: myData/0246_2_TP04_024_FC_MOD_1TR1_SL1_S24_L002_R1_001_50k_fastq.gz, myData/0246_2_TP04_024_FC_MOD_1TR1_SL1_S24_L002_R2_001_50k_fastq.gz
    output: results/fastp/0246_2_TP04_024_FC_MOD_1TR1_SL1_S24_L002_R1.qc.fq.gz, results/fastp/0246_2_TP04_024_FC_MOD_1TR1_SL1_S24_L002_R2.qc.fq.gz, results/fastp/0246_2_TP04_024_FC_MOD_1TR1_SL1_S24_L002.fastp.html, results/fastp/0246_2_TP04_024_FC_MOD_1TR1_SL1_S24_L002.fastp.json
    log: /results/logs/fastp/0246_2_TP04_024_FC_MOD_1TR1_SL1_S24_L002.log
    jobid: 5
    reason: Missing output files: results/fastp/0246_2_TP04_024_FC_MOD_1TR1_SL1_S24_L002.fastp.html, results/fastp/0246_2_TP04_024_FC_MOD_1TR1_SL1_S24_L002.fastp.json, results/fastp/0246_2_TP04_024_FC_MOD_1TR1_SL1_S24_L002_R2.qc.fq.gz, results/fastp/0246_2_TP04_024_FC_MOD_1TR1_SL1_S24_L002_R1.qc.fq.gz
    wildcards: sample=0246_2_TP04_024_FC_MOD_1TR1_SL1_S24_L002
    resources: tmpdir=/tmp

Traceback (most recent call last):

  File "/home/AD/hermi/miniconda3/envs/DEGpipe01/lib/python3.12/site-packages/snakemake/cli.py", line 2075, in args_to_api
    dag_api.execute_workflow(

  File "/home/AD/hermi/miniconda3/envs/DEGpipe01/lib/python3.12/site-packages/snakemake/api.py", line 589, in execute_workflow
    workflow.execute(

  File "/home/AD/hermi/miniconda3/envs/DEGpipe01/lib/python3.12/site-packages/snakemake/workflow.py", line 1247, in execute
    raise e

  File "/home/AD/hermi/miniconda3/envs/DEGpipe01/lib/python3.12/site-packages/snakemake/workflow.py", line 1243, in execute
    success = self.scheduler.schedule()
              ^^^^^^^^^^^^^^^^^^^^^^^^^

  File "/home/AD/hermi/miniconda3/envs/DEGpipe01/lib/python3.12/site-packages/snakemake/scheduler.py", line 313, in schedule
    self.run(

  File "/home/AD/hermi/miniconda3/envs/DEGpipe01/lib/python3.12/site-packages/snakemake/scheduler.py", line 406, in run
    executor.run_jobs(jobs)

  File "/home/AD/hermi/miniconda3/envs/DEGpipe01/lib/python3.12/site-packages/snakemake_interface_executor_plugins/executors/base.py", line 72, in run_jobs
    self.run_job(job)

  File "/home/AD/hermi/miniconda3/envs/DEGpipe01/lib/python3.12/site-packages/snakemake/executors/local.py", line 106, in run_job
    future = self.run_single_job(job)
             ^^^^^^^^^^^^^^^^^^^^^^^^

  File "/home/AD/hermi/miniconda3/envs/DEGpipe01/lib/python3.12/site-packages/snakemake/executors/local.py", line 182, in run_single_job
    self.cached_or_run, job, run_wrapper, *self.job_args_and_prepare(job)
                                           ^^^^^^^^^^^^^^^^^^^^^^^^^^^^^^

  File "/home/AD/hermi/miniconda3/envs/DEGpipe01/lib/python3.12/site-packages/snakemake/executors/local.py", line 114, in job_args_and_prepare
    async_run(job.prepare())

  File "/home/AD/hermi/miniconda3/envs/DEGpipe01/lib/python3.12/site-packages/snakemake/common/__init__.py", line 94, in async_run
    return asyncio.run(coroutine)
           ^^^^^^^^^^^^^^^^^^^^^^

  File "/home/AD/hermi/miniconda3/envs/DEGpipe01/lib/python3.12/asyncio/runners.py", line 194, in run
    return runner.run(main)
           ^^^^^^^^^^^^^^^^

  File "/home/AD/hermi/miniconda3/envs/DEGpipe01/lib/python3.12/asyncio/runners.py", line 118, in run
    return self._loop.run_until_complete(task)
           ^^^^^^^^^^^^^^^^^^^^^^^^^^^^^^^^^^^

  File "/home/AD/hermi/miniconda3/envs/DEGpipe01/lib/python3.12/asyncio/base_events.py", line 687, in run_until_complete
    return future.result()
           ^^^^^^^^^^^^^^^

  File "/home/AD/hermi/miniconda3/envs/DEGpipe01/lib/python3.12/site-packages/snakemake/jobs.py", line 807, in prepare
    f.prepare()

  File "/home/AD/hermi/miniconda3/envs/DEGpipe01/lib/python3.12/site-packages/snakemake/io.py", line 662, in prepare
    raise e

  File "/home/AD/hermi/miniconda3/envs/DEGpipe01/lib/python3.12/site-packages/snakemake/io.py", line 658, in prepare
    os.makedirs(dirpath, exist_ok=True)

  File "<frozen os>", line 215, in makedirs

  File "<frozen os>", line 215, in makedirs

  File "<frozen os>", line 225, in makedirs

PermissionError: [Errno 13] Permission denied: '/results'

