[22:54:15] start to load data of read1 
[22:54:15] start to load data of read2 
[22:54:15] Read2: loading completed with 21 packs 
[22:54:15] Read1: loading completed with 21 packs 
[22:54:16] thread 3 data processing completed 
[22:54:16] thread 3 finished 
[22:54:16] thread 2 data processing completed 
[22:54:16] thread 2 finished 
[22:54:16] thread 1 data processing completed 
[22:54:16] thread 1 finished 
[22:54:16] results/fastp/0246_2_TP04_026_FC_MOD_1TR1_SL1_S26_L002_R1.qc.fq.gz writer finished 
[22:54:16] results/fastp/0246_2_TP04_026_FC_MOD_1TR1_SL1_S26_L002_R2.qc.fq.gz writer finished 
[22:54:16] start to generate reports
 
Read1 before filtering:
total reads: 20000
total bases: 3180000
Q20 bases: 3099780(97.4774%)
Q30 bases: 2971993(93.4589%)

Read2 before filtering:
total reads: 20000
total bases: 3180000
Q20 bases: 3075481(96.7132%)
Q30 bases: 2912114(91.5759%)

Read1 after filtering:
total reads: 19853
total bases: 2870088
Q20 bases: 2810686(97.9303%)
Q30 bases: 2701308(94.1193%)

Read2 after filtering:
total reads: 19853
total bases: 2870291
Q20 bases: 2793508(97.3249%)
Q30 bases: 2657508(92.5867%)

Filtering result:
reads passed filter: 39706
reads failed due to low quality: 286
reads failed due to too many N: 0
reads failed due to too short: 8
reads with adapter trimmed: 18153
bases trimmed due to adapters: 568364

Duplication rate: 0.015%

Insert size peak (evaluated by paired-end reads): 135

JSON report: fastp.json
HTML report: fastp.html

fastp -i myData/0246_2_TP04_026_FC_MOD_1TR1_SL1_S26_L002_R1_001_50k_fastq.gz -o results/fastp/0246_2_TP04_026_FC_MOD_1TR1_SL1_S26_L002_R1.qc.fq.gz -I myData/0246_2_TP04_026_FC_MOD_1TR1_SL1_S26_L002_R2_001_50k_fastq.gz -O results/fastp/0246_2_TP04_026_FC_MOD_1TR1_SL1_S26_L002_R2.qc.fq.gz --adapter_sequence=TCAGATCGGAAGAGCACACGTCTGAACTCCAGTCAC -3 -5 -G -V 
fastp v0.23.4, time used: 1 seconds
